# JRE version: OpenJDK Runtime Environment Temurin-17.0.3+7 (17.0.3+7) (build 17.0.3+7)
# Java VM: OpenJDK 64-Bit Server VM Temurin-17.0.3+7 (17.0.3+7, mixed mode, emulated-client, tiered, compressed oops, compressed class ptrs, g1 gc, windows-amd64)
GC Precious Log:
 CPUs: 2 total, 2 available
 Memory: 8191M
 Large Page Support: Disabled
 NUMA Support: Disabled
 Compressed Oops: Enabled (32-bit)
 Heap Region Size: 1M
 Heap Min Capacity: 8M
 Heap Initial Capacity: 128M
 Heap Max Capacity: 2G
 Pre-touch: Disabled
 Parallel Workers: 2
 Concurrent Workers: 1
 Concurrent Refinement Workers: 2
 Periodic GC: Disabled
Heap:
 garbage-first heap   total 61440K, used 22865K [0x0000000080000000, 0x0000000100000000)
  region size 1024K, 3 young (3072K), 3 survivors (3072K)
 Metaspace       used 47533K, committed 48000K, reserved 1097728K
  class space    used 6069K, committed 6272K, reserved 1048576K
GC Heap History (20 events):
Event: 0.680 GC heap after
{Heap after GC invocations=2 (full 0):
 garbage-first heap   total 131072K, used 6567K [0x0000000080000000, 0x0000000100000000)
  region size 1024K, 1 young (1024K), 1 survivors (1024K)
 Metaspace       used 12440K, committed 12608K, reserved 1064960K
  class space    used 1268K, committed 1344K, reserved 1048576K
}
Event: 0.871 GC heap before
{Heap before GC invocations=2 (full 0):
 garbage-first heap   total 131072K, used 13735K [0x0000000080000000, 0x0000000100000000)
  region size 1024K, 8 young (8192K), 1 survivors (1024K)
 Metaspace       used 14800K, committed 14976K, reserved 1064960K
  class space    used 1543K, committed 1664K, reserved 1048576K
}
Event: 0.875 GC heap after
{Heap after GC invocations=3 (full 0):
 garbage-first heap   total 131072K, used 7683K [0x0000000080000000, 0x0000000100000000)
  region size 1024K, 1 young (1024K), 1 survivors (1024K)
 Metaspace       used 14800K, committed 14976K, reserved 1064960K
  class space    used 1543K, committed 1664K, reserved 1048576K
}
Event: 1.337 GC heap before
{Heap before GC invocations=3 (full 0):
 garbage-first heap   total 131072K, used 30211K [0x0000000080000000, 0x0000000100000000)
  region size 1024K, 25 young (25600K), 1 survivors (1024K)
 Metaspace       used 21307K, committed 21568K, reserved 1073152K
  class space    used 2462K, committed 2560K, reserved 1048576K
}
Event: 1.343 GC heap after
{Heap after GC invocations=4 (full 0):
 garbage-first heap   total 131072K, used 9578K [0x0000000080000000, 0x0000000100000000)
  region size 1024K, 3 young (3072K), 3 survivors (3072K)
 Metaspace       used 21307K, committed 21568K, reserved 1073152K
  class space    used 2462K, committed 2560K, reserved 1048576K
}
Event: 1.610 GC heap before
{Heap before GC invocations=5 (full 0):
 garbage-first heap   total 37888K, used 28010K [0x0000000080000000, 0x0000000100000000)
  region size 1024K, 23 young (23552K), 3 survivors (3072K)
 Metaspace       used 26170K, committed 26432K, reserved 1073152K
  class space    used 3096K, committed 3200K, reserved 1048576K
}
Event: 1.617 GC heap after
{Heap after GC invocations=6 (full 0):
 garbage-first heap   total 37888K, used 10429K [0x0000000080000000, 0x0000000100000000)
  region size 1024K, 4 young (4096K), 4 survivors (4096K)
 Metaspace       used 26170K, committed 26432K, reserved 1073152K
  class space    used 3096K, committed 3200K, reserved 1048576K
}
Event: 1.637 GC heap before
{Heap before GC invocations=6 (full 0):
 garbage-first heap   total 37888K, used 10429K [0x0000000080000000, 0x0000000100000000)
  region size 1024K, 5 young (5120K), 4 survivors (4096K)
 Metaspace       used 26336K, committed 26624K, reserved 1073152K
  class space    used 3122K, committed 3264K, reserved 1048576K
}
Event: 1.643 GC heap after
{Heap after GC invocations=7 (full 0):
 garbage-first heap   total 37888K, used 10774K [0x0000000080000000, 0x0000000100000000)
  region size 1024K, 1 young (1024K), 1 survivors (1024K)
 Metaspace       used 26336K, committed 26624K, reserved 1073152K
  class space    used 3122K, committed 3264K, reserved 1048576K
}
Event: 1.874 GC heap before
{Heap before GC invocations=7 (full 0):
 garbage-first heap   total 37888K, used 24086K [0x0000000080000000, 0x0000000100000000)
  region size 1024K, 15 young (15360K), 1 survivors (1024K)
 Metaspace       used 27732K, committed 28032K, reserved 1081344K
  class space    used 3301K, committed 3456K, reserved 1048576K
}
Event: 1.877 GC heap after
{Heap after GC invocations=8 (full 0):
 garbage-first heap   total 69632K, used 11607K [0x0000000080000000, 0x0000000100000000)
  region size 1024K, 2 young (2048K), 2 survivors (2048K)
 Metaspace       used 27732K, committed 28032K, reserved 1081344K
  class space    used 3301K, committed 3456K, reserved 1048576K
}
Event: 2.578 GC heap before
{Heap before GC invocations=8 (full 0):
 garbage-first heap   total 69632K, used 50519K [0x0000000080000000, 0x0000000100000000)
  region size 1024K, 40 young (40960K), 2 survivors (2048K)
 Metaspace       used 33977K, committed 34304K, reserved 1081344K
  class space    used 4127K, committed 4288K, reserved 1048576K
}
Event: 2.586 GC heap after
{Heap after GC invocations=9 (full 0):
 garbage-first heap   total 69632K, used 15007K [0x0000000080000000, 0x0000000100000000)
  region size 1024K, 5 young (5120K), 5 survivors (5120K)
 Metaspace       used 33977K, committed 34304K, reserved 1081344K
  class space    used 4127K, committed 4288K, reserved 1048576K
}
Event: 2.894 GC heap before
{Heap before GC invocations=9 (full 0):
 garbage-first heap   total 69632K, used 27295K [0x0000000080000000, 0x0000000100000000)
  region size 1024K, 18 young (18432K), 5 survivors (5120K)
 Metaspace       used 35789K, committed 36096K, reserved 1081344K
  class space    used 4364K, committed 4544K, reserved 1048576K
}
Event: 2.904 GC heap after
{Heap after GC invocations=10 (full 0):
 garbage-first heap   total 69632K, used 16560K [0x0000000080000000, 0x0000000100000000)
  region size 1024K, 2 young (2048K), 2 survivors (2048K)
 Metaspace       used 35789K, committed 36096K, reserved 1081344K
  class space    used 4364K, committed 4544K, reserved 1048576K
}
Event: 3.546 GC heap before
{Heap before GC invocations=11 (full 0):
 garbage-first heap   total 61440K, used 51376K [0x0000000080000000, 0x0000000100000000)
  region size 1024K, 36 young (36864K), 2 survivors (2048K)
 Metaspace       used 42755K, committed 43136K, reserved 1089536K
  class space    used 5350K, committed 5568K, reserved 1048576K
}
Event: 3.555 GC heap after
{Heap after GC invocations=12 (full 0):
 garbage-first heap   total 61440K, used 20576K [0x0000000080000000, 0x0000000100000000)
  region size 1024K, 5 young (5120K), 5 survivors (5120K)
 Metaspace       used 42755K, committed 43136K, reserved 1089536K
  class space    used 5350K, committed 5568K, reserved 1048576K
}
Event: 3.568 GC heap before
{Heap before GC invocations=12 (full 0):
 garbage-first heap   total 61440K, used 21600K [0x0000000080000000, 0x0000000100000000)
  region size 1024K, 6 young (6144K), 5 survivors (5120K)
 Metaspace       used 42902K, committed 43264K, reserved 1089536K
  class space    used 5367K, committed 5568K, reserved 1048576K
}
Event: 3.575 GC heap after
{Heap after GC invocations=13 (full 0):
 garbage-first heap   total 61440K, used 21445K [0x0000000080000000, 0x0000000100000000)
  region size 1024K, 1 young (1024K), 1 survivors (1024K)
 Metaspace       used 42902K, committed 43264K, reserved 1089536K
  class space    used 5367K, committed 5568K, reserved 1048576K
}
Event: 3.982 GC heap before
{Heap before GC invocations=13 (full 0):
 garbage-first heap   total 61440K, used 44997K [0x0000000080000000, 0x0000000100000000)
  region size 1024K, 24 young (24576K), 1 survivors (1024K)
 Metaspace       used 47533K, committed 48000K, reserved 1097728K
  class space    used 6069K, committed 6272K, reserved 1048576K
}

