# JRE version: OpenJDK Runtime Environment Temurin-17.0.3+7 (17.0.3+7) (build 17.0.3+7)
# Java VM: OpenJDK 64-Bit Server VM Temurin-17.0.3+7 (17.0.3+7, mixed mode, tiered, compressed oops, compressed class ptrs, g1 gc, windows-amd64)
GC Precious Log:
 CPUs: 2 total, 2 available
 Memory: 8191M
 Large Page Support: Disabled
 NUMA Support: Disabled
 Compressed Oops: Enabled (32-bit)
 Heap Region Size: 1M
 Heap Min Capacity: 8M
 Heap Initial Capacity: 128M
 Heap Max Capacity: 2G
 Pre-touch: Disabled
 Parallel Workers: 2
 Concurrent Workers: 1
 Concurrent Refinement Workers: 2
 Periodic GC: Disabled
Heap:
 garbage-first heap   total 208896K, used 109056K [0x0000000080000000, 0x0000000100000000)
  region size 1024K, 9 young (9216K), 9 survivors (9216K)
 Metaspace       used 52942K, committed 53632K, reserved 1097728K
  class space    used 5802K, committed 6144K, reserved 1048576K
GC Heap History (20 events):
Event: 9.721 GC heap after
{Heap after GC invocations=20 (full 0):
 garbage-first heap   total 97280K, used 47939K [0x0000000080000000, 0x0000000100000000)
  region size 1024K, 3 young (3072K), 3 survivors (3072K)
 Metaspace       used 37516K, committed 37888K, reserved 1089536K
  class space    used 3859K, committed 4096K, reserved 1048576K
}
Event: 9.726 GC heap before
{Heap before GC invocations=20 (full 0):
 garbage-first heap   total 97280K, used 48963K [0x0000000080000000, 0x0000000100000000)
  region size 1024K, 4 young (4096K), 3 survivors (3072K)
 Metaspace       used 37516K, committed 37888K, reserved 1089536K
  class space    used 3859K, committed 4096K, reserved 1048576K
}
Event: 9.733 GC heap after
{Heap after GC invocations=21 (full 0):
 garbage-first heap   total 97280K, used 46295K [0x0000000080000000, 0x0000000100000000)
  region size 1024K, 1 young (1024K), 1 survivors (1024K)
 Metaspace       used 37516K, committed 37888K, reserved 1089536K
  class space    used 3859K, committed 4096K, reserved 1048576K
}
Event: 10.023 GC heap before
{Heap before GC invocations=21 (full 0):
 garbage-first heap   total 97280K, used 74967K [0x0000000080000000, 0x0000000100000000)
  region size 1024K, 29 young (29696K), 1 survivors (1024K)
 Metaspace       used 37861K, committed 38208K, reserved 1089536K
  class space    used 3885K, committed 4096K, reserved 1048576K
}
Event: 10.026 GC heap after
{Heap after GC invocations=22 (full 0):
 garbage-first heap   total 97280K, used 47942K [0x0000000080000000, 0x0000000100000000)
  region size 1024K, 3 young (3072K), 3 survivors (3072K)
 Metaspace       used 37861K, committed 38208K, reserved 1089536K
  class space    used 3885K, committed 4096K, reserved 1048576K
}
Event: 10.547 GC heap before
{Heap before GC invocations=23 (full 0):
 garbage-first heap   total 97280K, used 76614K [0x0000000080000000, 0x0000000100000000)
  region size 1024K, 31 young (31744K), 3 survivors (3072K)
 Metaspace       used 39587K, committed 40000K, reserved 1089536K
  class space    used 4120K, committed 4352K, reserved 1048576K
}
Event: 10.553 GC heap after
{Heap after GC invocations=24 (full 0):
 garbage-first heap   total 97280K, used 49751K [0x0000000080000000, 0x0000000100000000)
  region size 1024K, 4 young (4096K), 4 survivors (4096K)
 Metaspace       used 39587K, committed 40000K, reserved 1089536K
  class space    used 4120K, committed 4352K, reserved 1048576K
}
Event: 10.558 GC heap before
{Heap before GC invocations=24 (full 0):
 garbage-first heap   total 97280K, used 50775K [0x0000000080000000, 0x0000000100000000)
  region size 1024K, 5 young (5120K), 4 survivors (4096K)
 Metaspace       used 39587K, committed 40000K, reserved 1089536K
  class space    used 4120K, committed 4352K, reserved 1048576K
}
Event: 10.568 GC heap after
{Heap after GC invocations=25 (full 0):
 garbage-first heap   total 208896K, used 43393K [0x0000000080000000, 0x0000000100000000)
  region size 1024K, 1 young (1024K), 1 survivors (1024K)
 Metaspace       used 39587K, committed 40000K, reserved 1089536K
  class space    used 4120K, committed 4352K, reserved 1048576K
}
Event: 12.019 GC heap before
{Heap before GC invocations=25 (full 0):
 garbage-first heap   total 208896K, used 155009K [0x0000000080000000, 0x0000000100000000)
  region size 1024K, 110 young (112640K), 1 survivors (1024K)
 Metaspace       used 43545K, committed 44032K, reserved 1089536K
  class space    used 4651K, committed 4928K, reserved 1048576K
}
Event: 12.031 GC heap after
{Heap after GC invocations=26 (full 0):
 garbage-first heap   total 208896K, used 49501K [0x0000000080000000, 0x0000000100000000)
  region size 1024K, 7 young (7168K), 7 survivors (7168K)
 Metaspace       used 43545K, committed 44032K, reserved 1089536K
  class space    used 4651K, committed 4928K, reserved 1048576K
}
Event: 13.227 GC heap before
{Heap before GC invocations=26 (full 0):
 garbage-first heap   total 208896K, used 158045K [0x0000000080000000, 0x0000000100000000)
  region size 1024K, 113 young (115712K), 7 survivors (7168K)
 Metaspace       used 46060K, committed 46656K, reserved 1097728K
  class space    used 4947K, committed 5248K, reserved 1048576K
}
Event: 13.239 GC heap after
{Heap after GC invocations=27 (full 0):
 garbage-first heap   total 208896K, used 52976K [0x0000000080000000, 0x0000000100000000)
  region size 1024K, 10 young (10240K), 10 survivors (10240K)
 Metaspace       used 46060K, committed 46656K, reserved 1097728K
  class space    used 4947K, committed 5248K, reserved 1048576K
}
Event: 14.101 GC heap before
{Heap before GC invocations=27 (full 0):
 garbage-first heap   total 208896K, used 162544K [0x0000000080000000, 0x0000000100000000)
  region size 1024K, 117 young (119808K), 10 survivors (10240K)
 Metaspace       used 50307K, committed 50944K, reserved 1097728K
  class space    used 5492K, committed 5824K, reserved 1048576K
}
Event: 14.117 GC heap after
{Heap after GC invocations=28 (full 0):
 garbage-first heap   total 208896K, used 57179K [0x0000000080000000, 0x0000000100000000)
  region size 1024K, 8 young (8192K), 8 survivors (8192K)
 Metaspace       used 50307K, committed 50944K, reserved 1097728K
  class space    used 5492K, committed 5824K, reserved 1048576K
}
Event: 15.078 GC heap before
{Heap before GC invocations=28 (full 0):
 garbage-first heap   total 208896K, used 165723K [0x0000000080000000, 0x0000000100000000)
  region size 1024K, 114 young (116736K), 8 survivors (8192K)
 Metaspace       used 52606K, committed 53312K, reserved 1097728K
  class space    used 5769K, committed 6144K, reserved 1048576K
}
Event: 15.097 GC heap after
{Heap after GC invocations=29 (full 0):
 garbage-first heap   total 208896K, used 66301K [0x0000000080000000, 0x0000000100000000)
  region size 1024K, 14 young (14336K), 14 survivors (14336K)
 Metaspace       used 52606K, committed 53312K, reserved 1097728K
  class space    used 5769K, committed 6144K, reserved 1048576K
}
Event: 15.965 GC heap before
{Heap before GC invocations=29 (full 0):
 garbage-first heap   total 208896K, used 165629K [0x0000000080000000, 0x0000000100000000)
  region size 1024K, 110 young (112640K), 14 survivors (14336K)
 Metaspace       used 52620K, committed 53312K, reserved 1097728K
  class space    used 5769K, committed 6144K, reserved 1048576K
}
Event: 15.993 GC heap after
{Heap after GC invocations=30 (full 0):
 garbage-first heap   total 208896K, used 79265K [0x0000000080000000, 0x0000000100000000)
  region size 1024K, 12 young (12288K), 12 survivors (12288K)
 Metaspace       used 52620K, committed 53312K, reserved 1097728K
  class space    used 5769K, committed 6144K, reserved 1048576K
}
Event: 17.354 GC heap before
{Heap before GC invocations=30 (full 0):
 garbage-first heap   total 208896K, used 174497K [0x0000000080000000, 0x0000000100000000)
  region size 1024K, 86 young (88064K), 12 survivors (12288K)
 Metaspace       used 52942K, committed 53632K, reserved 1097728K
  class space    used 5802K, committed 6144K, reserved 1048576K
}

