# JRE version: OpenJDK Runtime Environment Temurin-17.0.3+7 (17.0.3+7) (build 17.0.3+7)
# Java VM: OpenJDK 64-Bit Server VM Temurin-17.0.3+7 (17.0.3+7, mixed mode, tiered, compressed oops, compressed class ptrs, g1 gc, windows-amd64)
GC Precious Log:
 CPUs: 2 total, 2 available
 Memory: 8191M
 Large Page Support: Disabled
 NUMA Support: Disabled
 Compressed Oops: Enabled (32-bit)
 Heap Region Size: 1M
 Heap Min Capacity: 8M
 Heap Initial Capacity: 128M
 Heap Max Capacity: 2G
 Pre-touch: Disabled
 Parallel Workers: 2
 Concurrent Workers: 1
 Concurrent Refinement Workers: 2
 Periodic GC: Disabled
Heap:
 garbage-first heap   total 288768K, used 223076K [0x0000000080000000, 0x0000000100000000)
  region size 1024K, 1 young (1024K), 1 survivors (1024K)
 Metaspace       used 53277K, committed 53952K, reserved 1097728K
  class space    used 5823K, committed 6144K, reserved 1048576K
GC Heap History (20 events):
Event: 13.446 GC heap after
{Heap after GC invocations=23 (full 0):
 garbage-first heap   total 133120K, used 54210K [0x0000000080000000, 0x0000000100000000)
  region size 1024K, 6 young (6144K), 6 survivors (6144K)
 Metaspace       used 45651K, committed 46144K, reserved 1097728K
  class space    used 4909K, committed 5184K, reserved 1048576K
}
Event: 14.057 GC heap before
{Heap before GC invocations=23 (full 0):
 garbage-first heap   total 133120K, used 107458K [0x0000000080000000, 0x0000000100000000)
  region size 1024K, 58 young (59392K), 6 survivors (6144K)
 Metaspace       used 46085K, committed 46656K, reserved 1097728K
  class space    used 4947K, committed 5248K, reserved 1048576K
}
Event: 14.066 GC heap after
{Heap after GC invocations=24 (full 0):
 garbage-first heap   total 288768K, used 55454K [0x0000000080000000, 0x0000000100000000)
  region size 1024K, 4 young (4096K), 4 survivors (4096K)
 Metaspace       used 46085K, committed 46656K, reserved 1097728K
  class space    used 4947K, committed 5248K, reserved 1048576K
}
Event: 16.107 GC heap before
{Heap before GC invocations=24 (full 0):
 garbage-first heap   total 288768K, used 224414K [0x0000000080000000, 0x0000000100000000)
  region size 1024K, 169 young (173056K), 4 survivors (4096K)
 Metaspace       used 52604K, committed 53312K, reserved 1097728K
  class space    used 5768K, committed 6144K, reserved 1048576K
}
Event: 16.129 GC heap after
{Heap after GC invocations=25 (full 0):
 garbage-first heap   total 288768K, used 63103K [0x0000000080000000, 0x0000000100000000)
  region size 1024K, 12 young (12288K), 12 survivors (12288K)
 Metaspace       used 52604K, committed 53312K, reserved 1097728K
  class space    used 5768K, committed 6144K, reserved 1048576K
}
Event: 17.223 GC heap before
{Heap before GC invocations=25 (full 0):
 garbage-first heap   total 288768K, used 224895K [0x0000000080000000, 0x0000000100000000)
  region size 1024K, 169 young (173056K), 12 survivors (12288K)
 Metaspace       used 52654K, committed 53312K, reserved 1097728K
  class space    used 5771K, committed 6144K, reserved 1048576K
}
Event: 17.260 GC heap after
{Heap after GC invocations=26 (full 0):
 garbage-first heap   total 288768K, used 83485K [0x0000000080000000, 0x0000000100000000)
  region size 1024K, 22 young (22528K), 22 survivors (22528K)
 Metaspace       used 52654K, committed 53312K, reserved 1097728K
  class space    used 5771K, committed 6144K, reserved 1048576K
}
Event: 20.068 GC heap before
{Heap before GC invocations=26 (full 0):
 garbage-first heap   total 288768K, used 246301K [0x0000000080000000, 0x0000000100000000)
  region size 1024K, 152 young (155648K), 22 survivors (22528K)
 Metaspace       used 52980K, committed 53696K, reserved 1097728K
  class space    used 5804K, committed 6144K, reserved 1048576K
}
Event: 20.109 GC heap after
{Heap after GC invocations=27 (full 0):
 garbage-first heap   total 288768K, used 128000K [0x0000000080000000, 0x0000000100000000)
  region size 1024K, 14 young (14336K), 14 survivors (14336K)
 Metaspace       used 52980K, committed 53696K, reserved 1097728K
  class space    used 5804K, committed 6144K, reserved 1048576K
}
Event: 22.069 GC heap before
{Heap before GC invocations=28 (full 0):
 garbage-first heap   total 288768K, used 246784K [0x0000000080000000, 0x0000000100000000)
  region size 1024K, 116 young (118784K), 14 survivors (14336K)
 Metaspace       used 52985K, committed 53696K, reserved 1097728K
  class space    used 5804K, committed 6144K, reserved 1048576K
}
Event: 22.102 GC heap after
{Heap after GC invocations=29 (full 0):
 garbage-first heap   total 288768K, used 153600K [0x0000000080000000, 0x0000000100000000)
  region size 1024K, 11 young (11264K), 11 survivors (11264K)
 Metaspace       used 52985K, committed 53696K, reserved 1097728K
  class space    used 5804K, committed 6144K, reserved 1048576K
}
Event: 22.139 GC heap before
{Heap before GC invocations=29 (full 0):
 garbage-first heap   total 288768K, used 156672K [0x0000000080000000, 0x0000000100000000)
  region size 1024K, 14 young (14336K), 11 survivors (11264K)
 Metaspace       used 52985K, committed 53696K, reserved 1097728K
  class space    used 5804K, committed 6144K, reserved 1048576K
}
Event: 22.155 GC heap after
{Heap after GC invocations=30 (full 0):
 garbage-first heap   total 288768K, used 153088K [0x0000000080000000, 0x0000000100000000)
  region size 1024K, 1 young (1024K), 1 survivors (1024K)
 Metaspace       used 52985K, committed 53696K, reserved 1097728K
  class space    used 5804K, committed 6144K, reserved 1048576K
}
Event: 23.467 GC heap before
{Heap before GC invocations=30 (full 0):
 garbage-first heap   total 288768K, used 275968K [0x0000000080000000, 0x0000000100000000)
  region size 1024K, 83 young (84992K), 1 survivors (1024K)
 Metaspace       used 52989K, committed 53696K, reserved 1097728K
  class space    used 5804K, committed 6144K, reserved 1048576K
}
Event: 23.483 GC heap after
{Heap after GC invocations=31 (full 0):
 garbage-first heap   total 288768K, used 201867K [0x0000000080000000, 0x0000000100000000)
  region size 1024K, 10 young (10240K), 10 survivors (10240K)
 Metaspace       used 52989K, committed 53696K, reserved 1097728K
  class space    used 5804K, committed 6144K, reserved 1048576K
}
Event: 24.009 GC heap before
{Heap before GC invocations=31 (full 0):
 garbage-first heap   total 288768K, used 255115K [0x0000000080000000, 0x0000000100000000)
  region size 1024K, 52 young (53248K), 10 survivors (10240K)
 Metaspace       used 53144K, committed 53824K, reserved 1097728K
  class space    used 5812K, committed 6144K, reserved 1048576K
}
Event: 24.030 GC heap after
{Heap after GC invocations=32 (full 0):
 garbage-first heap   total 288768K, used 219136K [0x0000000080000000, 0x0000000100000000)
  region size 1024K, 7 young (7168K), 7 survivors (7168K)
 Metaspace       used 53144K, committed 53824K, reserved 1097728K
  class space    used 5812K, committed 6144K, reserved 1048576K
}
Event: 24.273 GC heap before
{Heap before GC invocations=32 (full 0):
 garbage-first heap   total 288768K, used 247808K [0x0000000080000000, 0x0000000100000000)
  region size 1024K, 35 young (35840K), 7 survivors (7168K)
 Metaspace       used 53277K, committed 53952K, reserved 1097728K
  class space    used 5823K, committed 6144K, reserved 1048576K
}
Event: 24.285 GC heap after
{Heap after GC invocations=33 (full 0):
 garbage-first heap   total 288768K, used 222720K [0x0000000080000000, 0x0000000100000000)
  region size 1024K, 3 young (3072K), 3 survivors (3072K)
 Metaspace       used 53277K, committed 53952K, reserved 1097728K
  class space    used 5823K, committed 6144K, reserved 1048576K
}
Event: 24.333 GC heap before
{Heap before GC invocations=33 (full 0):
 garbage-first heap   total 288768K, used 249344K [0x0000000080000000, 0x0000000100000000)
  region size 1024K, 29 young (29696K), 3 survivors (3072K)
 Metaspace       used 53277K, committed 53952K, reserved 1097728K
  class space    used 5823K, committed 6144K, reserved 1048576K
}

